2021-03-27 22:27:14,434 [main] INFO nopCommerece - *************Launching browser***************
2021-03-27 22:27:14,646 [main] INFO nopCommerece - *************Opening url***************
2021-03-27 22:27:19,107 [main] INFO nopCommerece - *************Entering login details***************
2021-03-27 22:27:19,429 [main] INFO nopCommerece - *************Clicking login button***************
2021-03-27 22:27:48,551 [main] INFO nopCommerece - *************closing browser***************
2021-03-27 22:27:50,183 [main] INFO nopCommerece - *************Launching browser***************
2021-03-27 22:27:50,353 [main] INFO nopCommerece - *************Opening url***************
2021-03-27 22:27:53,604 [main] INFO nopCommerece - *************Entering login details***************
2021-03-27 22:27:53,928 [main] INFO nopCommerece - *************Clicking login button***************
2021-03-27 22:28:12,824 [main] INFO nopCommerece - *************closing browser***************
2021-03-27 22:28:14,437 [main] INFO nopCommerece - *************Launching browser***************
2021-03-27 22:28:14,561 [main] INFO nopCommerece - *************Opening url***************
2021-03-27 22:28:17,773 [main] INFO nopCommerece - *************Entering login details***************
2021-03-27 22:28:18,092 [main] INFO nopCommerece - *************Clicking login button***************
2021-03-27 22:28:37,659 [main] INFO nopCommerece - *************closing browser***************
2021-03-27 22:28:39,046 [main] INFO nopCommerece - *************Launching browser***************
2021-03-27 22:28:39,206 [main] INFO nopCommerece - *************Opening url***************
2021-03-27 22:28:43,117 [main] INFO nopCommerece - *************Entering login details***************
2021-03-27 22:28:43,388 [main] INFO nopCommerece - *************Clicking login button***************
2021-03-27 22:28:57,593 [main] INFO nopCommerece - *************Clicking logout button***************
2021-03-27 22:29:04,542 [main] INFO nopCommerece - *************closing browser***************
2021-03-27 22:29:06,375 [main] INFO nopCommerece - *************Launching browser***************
2021-03-27 22:29:06,495 [main] INFO nopCommerece - *************Opening url***************
2021-03-27 22:29:09,982 [main] INFO nopCommerece - *************Entering login details***************
2021-03-27 22:29:10,260 [main] INFO nopCommerece - *************Clicking login button***************
2021-03-27 22:29:24,080 [main] INFO nopCommerece - *************Clicking logout button***************
2021-03-27 22:29:30,875 [main] INFO nopCommerece - *************closing browser***************
2021-03-27 22:29:32,523 [main] INFO nopCommerece - *************Launching browser***************
2021-03-27 22:29:32,646 [main] INFO nopCommerece - *************Opening url***************
2021-03-27 22:29:35,856 [main] INFO nopCommerece - *************Entering login details***************
2021-03-27 22:29:36,141 [main] INFO nopCommerece - *************Clicking login button***************
2021-03-27 22:57:31,124 [main] INFO nopCommerece - *************Launching browser***************
2021-03-27 22:57:31,786 [main] INFO nopCommerece - *************Opening url***************
2021-03-27 22:57:35,595 [main] INFO nopCommerece - *************Entering login details***************
2021-03-27 22:57:35,697 [main] INFO nopCommerece - *************Clicking login button***************
2021-03-27 22:57:57,199 [main] INFO nopCommerece - *************closing browser***************
2021-03-27 22:58:00,730 [main] INFO nopCommerece - *************Launching browser***************
2021-03-27 22:58:01,342 [main] INFO nopCommerece - *************Opening url***************
2021-03-27 22:58:04,495 [main] INFO nopCommerece - *************Entering login details***************
2021-03-27 22:58:04,614 [main] INFO nopCommerece - *************Clicking login button***************
2021-03-27 22:58:23,562 [main] INFO nopCommerece - *************closing browser***************
2021-03-27 22:59:28,635 [main] INFO nopCommerece - *************Launching browser***************
2021-03-27 22:59:29,283 [main] INFO nopCommerece - *************Opening url***************
2021-03-27 22:59:32,726 [main] INFO nopCommerece - *************Entering login details***************
2021-03-27 22:59:32,853 [main] INFO nopCommerece - *************Clicking login button***************
2021-03-27 22:59:54,114 [main] INFO nopCommerece - *************Launching browser***************
2021-03-27 22:59:54,725 [main] INFO nopCommerece - *************Opening url***************
2021-03-27 22:59:58,021 [main] INFO nopCommerece - *************Entering login details***************
2021-03-27 22:59:58,175 [main] INFO nopCommerece - *************Clicking login button***************
2021-03-27 23:00:20,077 [main] INFO nopCommerece - *************closing browser***************
2021-03-27 23:00:23,561 [main] INFO nopCommerece - *************Launching browser***************
2021-03-27 23:00:24,174 [main] INFO nopCommerece - *************Opening url***************
2021-03-27 23:00:27,434 [main] INFO nopCommerece - *************Entering login details***************
2021-03-27 23:00:27,562 [main] INFO nopCommerece - *************Clicking login button***************
2021-03-27 23:00:48,574 [main] INFO nopCommerece - *************closing browser***************
2021-03-27 23:12:15,702 [main] INFO nopCommerece - *************Launching browser***************
2021-03-27 23:12:15,904 [main] INFO nopCommerece - *************Opening url***************
2021-03-27 23:12:20,428 [main] INFO nopCommerece - *************Entering login details***************
2021-03-27 23:12:20,725 [main] INFO nopCommerece - *************Clicking login button***************
2021-03-27 23:12:45,810 [main] INFO nopCommerece - *************closing browser***************
2021-03-27 23:13:39,528 [main] INFO nopCommerece - *************Launching browser***************
2021-03-27 23:13:39,724 [main] INFO nopCommerece - *************Opening url***************
2021-03-27 23:13:42,054 [main] INFO nopCommerece - *************Entering login details***************
2021-03-27 23:13:42,483 [main] INFO nopCommerece - *************Clicking login button***************
2021-03-27 23:14:04,453 [main] INFO nopCommerece - *************closing browser***************
2021-03-27 23:14:06,005 [main] INFO nopCommerece - *************Launching browser***************
2021-03-27 23:14:06,128 [main] INFO nopCommerece - *************Opening url***************
2021-03-27 23:14:09,853 [main] INFO nopCommerece - *************Entering login details***************
2021-03-27 23:14:10,178 [main] INFO nopCommerece - *************Clicking login button***************
2021-03-27 23:14:24,782 [main] INFO nopCommerece - *************Clicking logout button***************
2021-03-27 23:14:30,192 [main] INFO nopCommerece - *************closing browser***************
2021-03-27 23:22:17,740 [main] INFO nopCommerece - *************Launching browser***************
2021-03-27 23:22:17,948 [main] INFO nopCommerece - *************Opening url***************
2021-03-27 23:22:32,996 [main] INFO nopCommerece - *************Entering login details***************
2021-03-27 23:22:33,217 [main] INFO nopCommerece - *************Clicking login button***************
2021-03-27 23:22:56,630 [main] INFO nopCommerece - *************closing browser***************
2021-03-27 23:22:58,138 [main] INFO nopCommerece - *************Launching browser***************
2021-03-27 23:22:58,264 [main] INFO nopCommerece - *************Opening url***************
2021-03-27 23:23:01,030 [main] INFO nopCommerece - *************Entering login details***************
2021-03-27 23:23:01,246 [main] INFO nopCommerece - *************Clicking login button***************
2021-03-27 23:23:14,005 [main] INFO nopCommerece - *************Clicking logout button***************
2021-03-27 23:23:20,331 [main] INFO nopCommerece - *************closing browser***************
